<?xml version="1.0" encoding="UTF-8"?>
<testsuite xmlns:xsi="http://www.w3.org/2001/XMLSchema-instance" xsi:noNamespaceSchemaLocation="https://maven.apache.org/surefire/maven-surefire-plugin/xsd/surefire-test-report.xsd" name="com.metsuengine.RoundingTest" time="0.005" tests="1" errors="0" skipped="0" failures="0">
  <properties>
    <property name="java.specification.version" value="16"/>
    <property name="sun.jnu.encoding" value="UTF-8"/>
    <property name="java.class.path" value="/home/jxcv/metsu-engine/target/test-classes:/home/jxcv/metsu-engine/target/classes:/home/jxcv/.m2/repository/com/google/guava/guava/30.1.1-jre/guava-30.1.1-jre.jar:/home/jxcv/.m2/repository/com/google/guava/failureaccess/1.0.1/failureaccess-1.0.1.jar:/home/jxcv/.m2/repository/com/google/guava/listenablefuture/9999.0-empty-to-avoid-conflict-with-guava/listenablefuture-9999.0-empty-to-avoid-conflict-with-guava.jar:/home/jxcv/.m2/repository/com/google/code/findbugs/jsr305/3.0.2/jsr305-3.0.2.jar:/home/jxcv/.m2/repository/org/checkerframework/checker-qual/3.8.0/checker-qual-3.8.0.jar:/home/jxcv/.m2/repository/com/google/errorprone/error_prone_annotations/2.5.1/error_prone_annotations-2.5.1.jar:/home/jxcv/.m2/repository/com/google/j2objc/j2objc-annotations/1.3/j2objc-annotations-1.3.jar:/home/jxcv/.m2/repository/io/deephaven/SuanShu/0.1.0/SuanShu-0.1.0.jar:/home/jxcv/.m2/repository/joda-time/joda-time/2.9.9/joda-time-2.9.9.jar:/home/jxcv/.m2/repository/org/slf4j/slf4j-nop/2.0.0-alpha5/slf4j-nop-2.0.0-alpha5.jar:/home/jxcv/.m2/repository/org/slf4j/slf4j-api/2.0.0-alpha5/slf4j-api-2.0.0-alpha5.jar:/home/jxcv/.m2/repository/org/apache/commons/commons-math3/3.6.1/commons-math3-3.6.1.jar:/home/jxcv/.m2/repository/org/jfree/jfreechart/1.5.3/jfreechart-1.5.3.jar:/home/jxcv/.m2/repository/com/squareup/okhttp3/okhttp/5.0.0-alpha.2/okhttp-5.0.0-alpha.2.jar:/home/jxcv/.m2/repository/com/squareup/okio/okio/2.9.0/okio-2.9.0.jar:/home/jxcv/.m2/repository/org/jetbrains/kotlin/kotlin-stdlib-common/1.4.21/kotlin-stdlib-common-1.4.21.jar:/home/jxcv/.m2/repository/org/jetbrains/kotlin/kotlin-stdlib/1.4.21/kotlin-stdlib-1.4.21.jar:/home/jxcv/.m2/repository/org/jetbrains/annotations/13.0/annotations-13.0.jar:/home/jxcv/.m2/repository/com/opencsv/opencsv/5.5.1/opencsv-5.5.1.jar:/home/jxcv/.m2/repository/org/apache/commons/commons-lang3/3.12.0/commons-lang3-3.12.0.jar:/home/jxcv/.m2/repository/org/apache/commons/commons-text/1.9/commons-text-1.9.jar:/home/jxcv/.m2/repository/commons-beanutils/commons-beanutils/1.9.4/commons-beanutils-1.9.4.jar:/home/jxcv/.m2/repository/commons-logging/commons-logging/1.2/commons-logging-1.2.jar:/home/jxcv/.m2/repository/commons-collections/commons-collections/3.2.2/commons-collections-3.2.2.jar:/home/jxcv/.m2/repository/org/apache/commons/commons-collections4/4.4/commons-collections4-4.4.jar:/home/jxcv/.m2/repository/com/fasterxml/jackson/core/jackson-databind/2.12.4/jackson-databind-2.12.4.jar:/home/jxcv/.m2/repository/com/fasterxml/jackson/core/jackson-annotations/2.12.4/jackson-annotations-2.12.4.jar:/home/jxcv/.m2/repository/com/fasterxml/jackson/core/jackson-core/2.12.4/jackson-core-2.12.4.jar:/home/jxcv/.m2/repository/org/glassfish/tyrus/bundles/tyrus-standalone-client/1.9/tyrus-standalone-client-1.9.jar:/home/jxcv/.m2/repository/org/json/json/20210307/json-20210307.jar:/home/jxcv/.m2/repository/javax/websocket/javax.websocket-api/1.1/javax.websocket-api-1.1.jar:/home/jxcv/.m2/repository/junit/junit/4.13.1/junit-4.13.1.jar:/home/jxcv/.m2/repository/org/hamcrest/hamcrest-core/1.3/hamcrest-core-1.3.jar:"/>
    <property name="java.vm.vendor" value="Private Build"/>
    <property name="sun.arch.data.model" value="64"/>
    <property name="java.vendor.url" value="Unknown"/>
    <property name="os.name" value="Linux"/>
    <property name="java.vm.specification.version" value="16"/>
    <property name="sun.java.launcher" value="SUN_STANDARD"/>
    <property name="user.country" value="US"/>
    <property name="sun.boot.library.path" value="/usr/lib/jvm/java-16-openjdk-amd64/lib"/>
    <property name="sun.java.command" value="/home/jxcv/metsu-engine/target/surefire/surefirebooter3747598589433732157.jar /home/jxcv/metsu-engine/target/surefire 2021-11-07T23-14-25_189-jvmRun1 surefire577264268860378789tmp surefire_014625520650762338304tmp"/>
    <property name="jdk.debug" value="release"/>
    <property name="surefire.test.class.path" value="/home/jxcv/metsu-engine/target/test-classes:/home/jxcv/metsu-engine/target/classes:/home/jxcv/.m2/repository/com/google/guava/guava/30.1.1-jre/guava-30.1.1-jre.jar:/home/jxcv/.m2/repository/com/google/guava/failureaccess/1.0.1/failureaccess-1.0.1.jar:/home/jxcv/.m2/repository/com/google/guava/listenablefuture/9999.0-empty-to-avoid-conflict-with-guava/listenablefuture-9999.0-empty-to-avoid-conflict-with-guava.jar:/home/jxcv/.m2/repository/com/google/code/findbugs/jsr305/3.0.2/jsr305-3.0.2.jar:/home/jxcv/.m2/repository/org/checkerframework/checker-qual/3.8.0/checker-qual-3.8.0.jar:/home/jxcv/.m2/repository/com/google/errorprone/error_prone_annotations/2.5.1/error_prone_annotations-2.5.1.jar:/home/jxcv/.m2/repository/com/google/j2objc/j2objc-annotations/1.3/j2objc-annotations-1.3.jar:/home/jxcv/.m2/repository/io/deephaven/SuanShu/0.1.0/SuanShu-0.1.0.jar:/home/jxcv/.m2/repository/joda-time/joda-time/2.9.9/joda-time-2.9.9.jar:/home/jxcv/.m2/repository/org/slf4j/slf4j-nop/2.0.0-alpha5/slf4j-nop-2.0.0-alpha5.jar:/home/jxcv/.m2/repository/org/slf4j/slf4j-api/2.0.0-alpha5/slf4j-api-2.0.0-alpha5.jar:/home/jxcv/.m2/repository/org/apache/commons/commons-math3/3.6.1/commons-math3-3.6.1.jar:/home/jxcv/.m2/repository/org/jfree/jfreechart/1.5.3/jfreechart-1.5.3.jar:/home/jxcv/.m2/repository/com/squareup/okhttp3/okhttp/5.0.0-alpha.2/okhttp-5.0.0-alpha.2.jar:/home/jxcv/.m2/repository/com/squareup/okio/okio/2.9.0/okio-2.9.0.jar:/home/jxcv/.m2/repository/org/jetbrains/kotlin/kotlin-stdlib-common/1.4.21/kotlin-stdlib-common-1.4.21.jar:/home/jxcv/.m2/repository/org/jetbrains/kotlin/kotlin-stdlib/1.4.21/kotlin-stdlib-1.4.21.jar:/home/jxcv/.m2/repository/org/jetbrains/annotations/13.0/annotations-13.0.jar:/home/jxcv/.m2/repository/com/opencsv/opencsv/5.5.1/opencsv-5.5.1.jar:/home/jxcv/.m2/repository/org/apache/commons/commons-lang3/3.12.0/commons-lang3-3.12.0.jar:/home/jxcv/.m2/repository/org/apache/commons/commons-text/1.9/commons-text-1.9.jar:/home/jxcv/.m2/repository/commons-beanutils/commons-beanutils/1.9.4/commons-beanutils-1.9.4.jar:/home/jxcv/.m2/repository/commons-logging/commons-logging/1.2/commons-logging-1.2.jar:/home/jxcv/.m2/repository/commons-collections/commons-collections/3.2.2/commons-collections-3.2.2.jar:/home/jxcv/.m2/repository/org/apache/commons/commons-collections4/4.4/commons-collections4-4.4.jar:/home/jxcv/.m2/repository/com/fasterxml/jackson/core/jackson-databind/2.12.4/jackson-databind-2.12.4.jar:/home/jxcv/.m2/repository/com/fasterxml/jackson/core/jackson-annotations/2.12.4/jackson-annotations-2.12.4.jar:/home/jxcv/.m2/repository/com/fasterxml/jackson/core/jackson-core/2.12.4/jackson-core-2.12.4.jar:/home/jxcv/.m2/repository/org/glassfish/tyrus/bundles/tyrus-standalone-client/1.9/tyrus-standalone-client-1.9.jar:/home/jxcv/.m2/repository/org/json/json/20210307/json-20210307.jar:/home/jxcv/.m2/repository/javax/websocket/javax.websocket-api/1.1/javax.websocket-api-1.1.jar:/home/jxcv/.m2/repository/junit/junit/4.13.1/junit-4.13.1.jar:/home/jxcv/.m2/repository/org/hamcrest/hamcrest-core/1.3/hamcrest-core-1.3.jar:"/>
    <property name="sun.cpu.endian" value="little"/>
    <property name="user.home" value="/home/jxcv"/>
    <property name="user.language" value="en"/>
    <property name="java.specification.vendor" value="Oracle Corporation"/>
    <property name="java.version.date" value="2021-07-20"/>
    <property name="java.home" value="/usr/lib/jvm/java-16-openjdk-amd64"/>
    <property name="file.separator" value="/"/>
    <property name="basedir" value="/home/jxcv/metsu-engine"/>
    <property name="java.vm.compressedOopsMode" value="32-bit"/>
    <property name="line.separator" value="&#10;"/>
    <property name="java.vm.specification.vendor" value="Oracle Corporation"/>
    <property name="java.specification.name" value="Java Platform API Specification"/>
    <property name="surefire.real.class.path" value="/home/jxcv/metsu-engine/target/surefire/surefirebooter3747598589433732157.jar"/>
    <property name="sun.management.compiler" value="HotSpot 64-Bit Tiered Compilers"/>
    <property name="java.runtime.version" value="16.0.2+7-Ubuntu-2"/>
    <property name="user.name" value="jxcv"/>
    <property name="path.separator" value=":"/>
    <property name="os.version" value="5.13.0-19-generic"/>
    <property name="java.runtime.name" value="OpenJDK Runtime Environment"/>
    <property name="file.encoding" value="UTF-8"/>
    <property name="java.vm.name" value="OpenJDK 64-Bit Server VM"/>
    <property name="localRepository" value="/home/jxcv/.m2/repository"/>
    <property name="java.vendor.url.bug" value="Unknown"/>
    <property name="java.io.tmpdir" value="/tmp"/>
    <property name="java.version" value="16.0.2"/>
    <property name="user.dir" value="/home/jxcv/metsu-engine"/>
    <property name="os.arch" value="amd64"/>
    <property name="java.vm.specification.name" value="Java Virtual Machine Specification"/>
    <property name="java.library.path" value="/usr/java/packages/lib:/usr/lib/x86_64-linux-gnu/jni:/lib/x86_64-linux-gnu:/usr/lib/x86_64-linux-gnu:/usr/lib/jni:/lib:/usr/lib"/>
    <property name="java.vm.info" value="mixed mode, sharing"/>
    <property name="java.vendor" value="Private Build"/>
    <property name="java.vm.version" value="16.0.2+7-Ubuntu-2"/>
    <property name="sun.io.unicode.encoding" value="UnicodeLittle"/>
    <property name="java.class.version" value="60.0"/>
  </properties>
  <testcase name="roundingTest" classname="com.metsuengine.RoundingTest" time="0"/>
</testsuite>